{"/Users/way/PhpstormProjects/qm-storage/src/Store.ts": {"path":"/Users/way/PhpstormProjects/qm-storage/src/Store.ts","statementMap":{"0":{"start":{"line":2,"column":0},"end":{"line":2,"column":48}},"1":{"start":{"line":3,"column":0},"end":{"line":3,"column":null}},"2":{"start":{"line":5,"column":2},"end":{"line":5,"column":null}},"3":{"start":{"line":8,"column":4},"end":{"line":13,"column":null}},"4":{"start":{"line":10,"column":17},"end":{"line":10,"column":36}},"5":{"start":{"line":12,"column":6},"end":{"line":12,"column":null}},"6":{"start":{"line":14,"column":4},"end":{"line":14,"column":null}},"7":{"start":{"line":16,"column":2},"end":{"line":33,"column":null}},"8":{"start":{"line":17,"column":4},"end":{"line":17,"column":null}},"9":{"start":{"line":17,"column":23},"end":{"line":17,"column":null}},"10":{"start":{"line":19,"column":4},"end":{"line":32,"column":null}},"11":{"start":{"line":21,"column":8},"end":{"line":21,"column":null}},"12":{"start":{"line":23,"column":8},"end":{"line":23,"column":null}},"13":{"start":{"line":25,"column":8},"end":{"line":25,"column":null}},"14":{"start":{"line":27,"column":8},"end":{"line":27,"column":null}},"15":{"start":{"line":29,"column":8},"end":{"line":29,"column":null}},"16":{"start":{"line":31,"column":8},"end":{"line":31,"column":null}},"17":{"start":{"line":35,"column":2},"end":{"line":42,"column":null}},"18":{"start":{"line":36,"column":4},"end":{"line":36,"column":null}},"19":{"start":{"line":36,"column":31},"end":{"line":36,"column":null}},"20":{"start":{"line":37,"column":4},"end":{"line":39,"column":null}},"21":{"start":{"line":38,"column":6},"end":{"line":38,"column":null}},"22":{"start":{"line":40,"column":4},"end":{"line":40,"column":null}},"23":{"start":{"line":41,"column":4},"end":{"line":41,"column":null}},"24":{"start":{"line":44,"column":2},"end":{"line":48,"column":null}},"25":{"start":{"line":45,"column":4},"end":{"line":45,"column":null}},"26":{"start":{"line":45,"column":31},"end":{"line":45,"column":null}},"27":{"start":{"line":46,"column":14},"end":{"line":46,"column":52}},"28":{"start":{"line":47,"column":4},"end":{"line":47,"column":null}},"29":{"start":{"line":51,"column":2},"end":{"line":54,"column":null}},"30":{"start":{"line":52,"column":4},"end":{"line":52,"column":null}},"31":{"start":{"line":52,"column":31},"end":{"line":52,"column":null}},"32":{"start":{"line":53,"column":4},"end":{"line":53,"column":null}},"33":{"start":{"line":57,"column":2},"end":{"line":60,"column":null}},"34":{"start":{"line":58,"column":4},"end":{"line":58,"column":37}},"35":{"start":{"line":58,"column":31},"end":{"line":58,"column":37}},"36":{"start":{"line":59,"column":4},"end":{"line":59,"column":null}},"37":{"start":{"line":62,"column":2},"end":{"line":65,"column":null}},"38":{"start":{"line":63,"column":4},"end":{"line":63,"column":29}},"39":{"start":{"line":63,"column":23},"end":{"line":63,"column":29}},"40":{"start":{"line":64,"column":4},"end":{"line":64,"column":null}},"41":{"start":{"line":67,"column":2},"end":{"line":75,"column":null}},"42":{"start":{"line":68,"column":4},"end":{"line":68,"column":null}},"43":{"start":{"line":68,"column":23},"end":{"line":68,"column":null}},"44":{"start":{"line":70,"column":4},"end":{"line":70,"column":null}},"45":{"start":{"line":71,"column":4},"end":{"line":73,"column":null}},"46":{"start":{"line":72,"column":6},"end":{"line":72,"column":null}},"47":{"start":{"line":74,"column":4},"end":{"line":74,"column":null}},"48":{"start":{"line":77,"column":2},"end":{"line":82,"column":null}},"49":{"start":{"line":78,"column":4},"end":{"line":81,"column":null}},"50":{"start":{"line":78,"column":17},"end":{"line":78,"column":18}},"51":{"start":{"line":79,"column":16},"end":{"line":79,"column":35}},"52":{"start":{"line":80,"column":6},"end":{"line":80,"column":null}},"53":{"start":{"line":83,"column":0},"end":{"line":83,"column":null}},"54":{"start":{"line":85,"column":0},"end":{"line":85,"column":null}}},"fnMap":{"0":{"name":"(anonymous_0)","decl":{"start":{"line":3,"column":0},"end":{"line":3,"column":null}},"loc":{"start":{"line":3,"column":0},"end":{"line":83,"column":null}}},"1":{"name":"Store","decl":{"start":{"line":7,"column":2},"end":{"line":7,"column":14}},"loc":{"start":{"line":7,"column":31},"end":{"line":15,"column":3}}},"2":{"name":"(anonymous_2)","decl":{"start":{"line":16,"column":2},"end":{"line":16,"column":4}},"loc":{"start":{"line":16,"column":24},"end":{"line":33,"column":3}}},"3":{"name":"(anonymous_3)","decl":{"start":{"line":35,"column":2},"end":{"line":35,"column":5}},"loc":{"start":{"line":35,"column":42},"end":{"line":42,"column":3}}},"4":{"name":"(anonymous_4)","decl":{"start":{"line":44,"column":2},"end":{"line":44,"column":5}},"loc":{"start":{"line":44,"column":29},"end":{"line":48,"column":3}}},"5":{"name":"(anonymous_5)","decl":{"start":{"line":51,"column":2},"end":{"line":51,"column":5}},"loc":{"start":{"line":51,"column":29},"end":{"line":54,"column":3}}},"6":{"name":"(anonymous_6)","decl":{"start":{"line":57,"column":2},"end":{"line":57,"column":8}},"loc":{"start":{"line":57,"column":32},"end":{"line":60,"column":3}}},"7":{"name":"(anonymous_7)","decl":{"start":{"line":62,"column":2},"end":{"line":62,"column":7}},"loc":{"start":{"line":62,"column":2},"end":{"line":65,"column":3}}},"8":{"name":"(anonymous_8)","decl":{"start":{"line":67,"column":2},"end":{"line":67,"column":8}},"loc":{"start":{"line":67,"column":2},"end":{"line":75,"column":3}}},"9":{"name":"(anonymous_9)","decl":{"start":{"line":71,"column":17},"end":{"line":71,"column":18}},"loc":{"start":{"line":71,"column":39},"end":{"line":73,"column":5}}},"10":{"name":"(anonymous_10)","decl":{"start":{"line":77,"column":2},"end":{"line":77,"column":9}},"loc":{"start":{"line":77,"column":23},"end":{"line":82,"column":3}}}},"branchMap":{"0":{"loc":{"start":{"line":14,"column":18},"end":{"line":14,"column":37}},"type":"cond-expr","locations":[{"start":{"line":14,"column":18},"end":{"line":14,"column":37}},{"start":{"line":14,"column":40},"end":{"line":14,"column":67}}]},"1":{"loc":{"start":{"line":17,"column":4},"end":{"line":17,"column":null}},"type":"if","locations":[{"start":{"line":17,"column":4},"end":{"line":17,"column":null}},{"start":{"line":17,"column":4},"end":{"line":17,"column":null}}]},"2":{"loc":{"start":{"line":20,"column":6},"end":{"line":21,"column":null}},"type":"switch","locations":[{"start":{"line":20,"column":6},"end":{"line":21,"column":null}},{"start":{"line":22,"column":6},"end":{"line":23,"column":null}},{"start":{"line":24,"column":6},"end":{"line":25,"column":null}},{"start":{"line":26,"column":6},"end":{"line":27,"column":null}},{"start":{"line":28,"column":6},"end":{"line":29,"column":null}},{"start":{"line":30,"column":6},"end":{"line":31,"column":null}}]},"3":{"loc":{"start":{"line":36,"column":4},"end":{"line":36,"column":null}},"type":"if","locations":[{"start":{"line":36,"column":4},"end":{"line":36,"column":null}},{"start":{"line":36,"column":4},"end":{"line":36,"column":null}}]},"4":{"loc":{"start":{"line":36,"column":8},"end":{"line":36,"column":12}},"type":"binary-expr","locations":[{"start":{"line":36,"column":8},"end":{"line":36,"column":12}},{"start":{"line":36,"column":16},"end":{"line":36,"column":29}}]},"5":{"loc":{"start":{"line":37,"column":4},"end":{"line":39,"column":null}},"type":"if","locations":[{"start":{"line":37,"column":4},"end":{"line":39,"column":null}},{"start":{"line":37,"column":4},"end":{"line":39,"column":null}}]},"6":{"loc":{"start":{"line":45,"column":4},"end":{"line":45,"column":null}},"type":"if","locations":[{"start":{"line":45,"column":4},"end":{"line":45,"column":null}},{"start":{"line":45,"column":4},"end":{"line":45,"column":null}}]},"7":{"loc":{"start":{"line":45,"column":8},"end":{"line":45,"column":12}},"type":"binary-expr","locations":[{"start":{"line":45,"column":8},"end":{"line":45,"column":12}},{"start":{"line":45,"column":16},"end":{"line":45,"column":29}}]},"8":{"loc":{"start":{"line":47,"column":47},"end":{"line":47,"column":56}},"type":"cond-expr","locations":[{"start":{"line":47,"column":47},"end":{"line":47,"column":56}},{"start":{"line":47,"column":59},"end":{"line":47,"column":62}}]},"9":{"loc":{"start":{"line":47,"column":11},"end":{"line":47,"column":28}},"type":"binary-expr","locations":[{"start":{"line":47,"column":11},"end":{"line":47,"column":28}},{"start":{"line":47,"column":32},"end":{"line":47,"column":44}}]},"10":{"loc":{"start":{"line":52,"column":4},"end":{"line":52,"column":null}},"type":"if","locations":[{"start":{"line":52,"column":4},"end":{"line":52,"column":null}},{"start":{"line":52,"column":4},"end":{"line":52,"column":null}}]},"11":{"loc":{"start":{"line":52,"column":8},"end":{"line":52,"column":12}},"type":"binary-expr","locations":[{"start":{"line":52,"column":8},"end":{"line":52,"column":12}},{"start":{"line":52,"column":16},"end":{"line":52,"column":29}}]},"12":{"loc":{"start":{"line":58,"column":4},"end":{"line":58,"column":37}},"type":"if","locations":[{"start":{"line":58,"column":4},"end":{"line":58,"column":37}},{"start":{"line":58,"column":4},"end":{"line":58,"column":37}}]},"13":{"loc":{"start":{"line":58,"column":8},"end":{"line":58,"column":12}},"type":"binary-expr","locations":[{"start":{"line":58,"column":8},"end":{"line":58,"column":12}},{"start":{"line":58,"column":16},"end":{"line":58,"column":29}}]},"14":{"loc":{"start":{"line":63,"column":4},"end":{"line":63,"column":29}},"type":"if","locations":[{"start":{"line":63,"column":4},"end":{"line":63,"column":29}},{"start":{"line":63,"column":4},"end":{"line":63,"column":29}}]},"15":{"loc":{"start":{"line":68,"column":4},"end":{"line":68,"column":null}},"type":"if","locations":[{"start":{"line":68,"column":4},"end":{"line":68,"column":null}},{"start":{"line":68,"column":4},"end":{"line":68,"column":null}}]}},"s":{"0":1,"1":1,"2":2,"3":2,"4":2,"5":0,"6":2,"7":1,"8":8,"9":0,"10":8,"11":3,"12":1,"13":1,"14":1,"15":1,"16":1,"17":1,"18":7,"19":0,"20":7,"21":1,"22":7,"23":7,"24":1,"25":7,"26":0,"27":7,"28":7,"29":1,"30":2,"31":0,"32":2,"33":1,"34":2,"35":0,"36":2,"37":1,"38":2,"39":0,"40":2,"41":1,"42":2,"43":0,"44":2,"45":2,"46":2,"47":2,"48":1,"49":2,"50":2,"51":2,"52":2,"53":1,"54":1},"f":{"0":1,"1":2,"2":8,"3":7,"4":7,"5":2,"6":2,"7":2,"8":2,"9":2,"10":2},"b":{"0":[0,2],"1":[0,8],"2":[3,1,1,1,1,1],"3":[0,7],"4":[7,7],"5":[1,6],"6":[0,7],"7":[7,7],"8":[2,5],"9":[7,7],"10":[0,2],"11":[2,2],"12":[0,2],"13":[2,2],"14":[0,2],"15":[0,2]}}
,"/Users/way/PhpstormProjects/qm-storage/src/helps.ts": {"path":"/Users/way/PhpstormProjects/qm-storage/src/helps.ts","statementMap":{"0":{"start":{"line":3,"column":2},"end":{"line":3,"column":null}},"1":{"start":{"line":2,"column":0},"end":{"line":2,"column":16}},"2":{"start":{"line":8,"column":2},"end":{"line":12,"column":null}},"3":{"start":{"line":9,"column":4},"end":{"line":9,"column":null}},"4":{"start":{"line":11,"column":4},"end":{"line":11,"column":null}},"5":{"start":{"line":7,"column":0},"end":{"line":7,"column":16}},"6":{"start":{"line":17,"column":2},"end":{"line":19,"column":null}},"7":{"start":{"line":18,"column":6},"end":{"line":18,"column":null}},"8":{"start":{"line":20,"column":2},"end":{"line":20,"column":null}},"9":{"start":{"line":16,"column":0},"end":{"line":16,"column":16}}},"fnMap":{"0":{"name":"serialize","decl":{"start":{"line":2,"column":16},"end":{"line":2,"column":25}},"loc":{"start":{"line":2,"column":34},"end":{"line":4,"column":1}}},"1":{"name":"deserialize","decl":{"start":{"line":7,"column":16},"end":{"line":7,"column":27}},"loc":{"start":{"line":7,"column":39},"end":{"line":13,"column":1}}},"2":{"name":"extend","decl":{"start":{"line":16,"column":16},"end":{"line":16,"column":22}},"loc":{"start":{"line":16,"column":43},"end":{"line":21,"column":1}}}},"branchMap":{"0":{"loc":{"start":{"line":11,"column":11},"end":{"line":11,"column":14}},"type":"binary-expr","locations":[{"start":{"line":11,"column":11},"end":{"line":11,"column":14}},{"start":{"line":11,"column":18},"end":{"line":11,"column":27}}]}},"s":{"0":8,"1":2,"2":9,"3":9,"4":1,"5":2,"6":3,"7":21,"8":3,"9":2},"f":{"0":8,"1":9,"2":3},"b":{"0":[1,1]}}
,"/Users/way/PhpstormProjects/qm-storage/src/index.ts": {"path":"/Users/way/PhpstormProjects/qm-storage/src/index.ts","statementMap":{"0":{"start":{"line":2,"column":0},"end":{"line":2,"column":32}},"1":{"start":{"line":3,"column":0},"end":{"line":3,"column":27}},"2":{"start":{"line":5,"column":24},"end":{"line":5,"column":null}},"3":{"start":{"line":6,"column":18},"end":{"line":6,"column":33}},"4":{"start":{"line":7,"column":19},"end":{"line":7,"column":51}},"5":{"start":{"line":8,"column":2},"end":{"line":8,"column":null}},"6":{"start":{"line":9,"column":2},"end":{"line":9,"column":null}},"7":{"start":{"line":12,"column":14},"end":{"line":12,"column":30}},"8":{"start":{"line":13,"column":16},"end":{"line":13,"column":48}},"9":{"start":{"line":15,"column":0},"end":{"line":15,"column":null}},"10":{"start":{"line":17,"column":0},"end":{"line":17,"column":null}}},"fnMap":{"0":{"name":"createInstance","decl":{"start":{"line":5,"column":9},"end":{"line":5,"column":23}},"loc":{"start":{"line":5,"column":58},"end":{"line":10,"column":1}}}},"branchMap":{"0":{"loc":{"start":{"line":5,"column":24},"end":{"line":5,"column":null}},"type":"if","locations":[{"start":{"line":5,"column":24},"end":{"line":5,"column":null}},{"start":{"line":5,"column":24},"end":{"line":5,"column":null}}]}},"s":{"0":1,"1":1,"2":3,"3":2,"4":2,"5":2,"6":2,"7":1,"8":1,"9":1,"10":1},"f":{"0":2},"b":{"0":[1,1]}}
}
