TN:
SF:/Users/way/PhpstormProjects/qm-storage/src/Store.ts
FN:3,(anonymous_0)
FN:7,Store
FN:16,(anonymous_2)
FN:35,(anonymous_3)
FN:44,(anonymous_4)
FN:51,(anonymous_5)
FN:57,(anonymous_6)
FN:62,(anonymous_7)
FN:67,(anonymous_8)
FN:71,(anonymous_9)
FN:77,(anonymous_10)
FNF:11
FNH:11
FNDA:1,(anonymous_0)
FNDA:2,Store
FNDA:8,(anonymous_2)
FNDA:7,(anonymous_3)
FNDA:7,(anonymous_4)
FNDA:2,(anonymous_5)
FNDA:2,(anonymous_6)
FNDA:2,(anonymous_7)
FNDA:2,(anonymous_8)
FNDA:2,(anonymous_9)
FNDA:2,(anonymous_10)
DA:2,1
DA:3,1
DA:5,2
DA:8,2
DA:10,2
DA:12,0
DA:14,2
DA:16,1
DA:17,8
DA:19,8
DA:21,3
DA:23,1
DA:25,1
DA:27,1
DA:29,1
DA:31,1
DA:35,1
DA:36,7
DA:37,7
DA:38,1
DA:40,7
DA:41,7
DA:44,1
DA:45,7
DA:46,7
DA:47,7
DA:51,1
DA:52,2
DA:53,2
DA:57,1
DA:58,2
DA:59,2
DA:62,1
DA:63,2
DA:64,2
DA:67,1
DA:68,2
DA:70,2
DA:71,2
DA:72,2
DA:74,2
DA:77,1
DA:78,2
DA:79,2
DA:80,2
DA:83,1
DA:85,1
LF:47
LH:46
BRDA:14,0,0,0
BRDA:14,0,1,2
BRDA:17,1,0,0
BRDA:17,1,1,8
BRDA:20,2,0,3
BRDA:20,2,1,1
BRDA:20,2,2,1
BRDA:20,2,3,1
BRDA:20,2,4,1
BRDA:20,2,5,1
BRDA:36,3,0,0
BRDA:36,3,1,7
BRDA:36,4,0,7
BRDA:36,4,1,7
BRDA:37,5,0,1
BRDA:37,5,1,6
BRDA:45,6,0,0
BRDA:45,6,1,7
BRDA:45,7,0,7
BRDA:45,7,1,7
BRDA:47,8,0,2
BRDA:47,8,1,5
BRDA:47,9,0,7
BRDA:47,9,1,7
BRDA:52,10,0,0
BRDA:52,10,1,2
BRDA:52,11,0,2
BRDA:52,11,1,2
BRDA:58,12,0,0
BRDA:58,12,1,2
BRDA:58,13,0,2
BRDA:58,13,1,2
BRDA:63,14,0,0
BRDA:63,14,1,2
BRDA:68,15,0,0
BRDA:68,15,1,2
BRF:36
BRH:28
end_of_record
TN:
SF:/Users/way/PhpstormProjects/qm-storage/src/helps.ts
FN:2,serialize
FN:7,deserialize
FN:16,extend
FNF:3
FNH:3
FNDA:8,serialize
FNDA:9,deserialize
FNDA:3,extend
DA:2,2
DA:3,8
DA:7,2
DA:8,9
DA:9,9
DA:11,1
DA:16,2
DA:17,3
DA:18,21
DA:20,3
LF:10
LH:10
BRDA:11,0,0,1
BRDA:11,0,1,1
BRF:2
BRH:2
end_of_record
TN:
SF:/Users/way/PhpstormProjects/qm-storage/src/index.ts
FN:5,createInstance
FNF:1
FNH:1
FNDA:2,createInstance
DA:2,1
DA:3,1
DA:5,3
DA:6,2
DA:7,2
DA:8,2
DA:9,2
DA:12,1
DA:13,1
DA:15,1
DA:17,1
LF:11
LH:11
BRDA:5,0,0,1
BRDA:5,0,1,1
BRF:2
BRH:2
end_of_record
